[debug] [2022-08-10T18:06:03.525Z] ----------------------------------------------------------------------
[debug] [2022-08-10T18:06:03.527Z] Command:       /usr/local/Cellar/node/18.7.0/bin/node /usr/local/bin/firebase deploy
[debug] [2022-08-10T18:06:03.528Z] CLI Version:   11.5.0
[debug] [2022-08-10T18:06:03.528Z] Platform:      darwin
[debug] [2022-08-10T18:06:03.528Z] Node Version:  v18.7.0
[debug] [2022-08-10T18:06:03.529Z] Time:          Wed Aug 10 2022 14:06:03 GMT-0400 (Eastern Daylight Time)
[debug] [2022-08-10T18:06:03.529Z] ----------------------------------------------------------------------
[debug] 
[debug] [2022-08-10T18:06:03.591Z] > command requires scopes: ["email","openid","https://www.googleapis.com/auth/cloudplatformprojects.readonly","https://www.googleapis.com/auth/firebase","https://www.googleapis.com/auth/cloud-platform"]
[debug] [2022-08-10T18:06:03.592Z] > authorizing via signed-in user (debbie_yee@brown.edu)
[debug] [2022-08-10T18:06:03.592Z] [iam] checking project honeycombe-dyee7 for permissions ["datastore.indexes.create","datastore.indexes.delete","datastore.indexes.list","datastore.indexes.update","firebase.projects.get","firebasehosting.sites.update"]
[debug] [2022-08-10T18:06:03.594Z] >>> [apiv2][query] POST https://cloudresourcemanager.googleapis.com/v1/projects/honeycombe-dyee7:testIamPermissions [none]
[debug] [2022-08-10T18:06:03.595Z] >>> [apiv2][(partial)header] POST https://cloudresourcemanager.googleapis.com/v1/projects/honeycombe-dyee7:testIamPermissions x-goog-quota-user=projects/honeycombe-dyee7
[debug] [2022-08-10T18:06:03.595Z] >>> [apiv2][body] POST https://cloudresourcemanager.googleapis.com/v1/projects/honeycombe-dyee7:testIamPermissions {"permissions":["datastore.indexes.create","datastore.indexes.delete","datastore.indexes.list","datastore.indexes.update","firebase.projects.get","firebasehosting.sites.update"]}
[debug] [2022-08-10T18:06:03.931Z] <<< [apiv2][status] POST https://cloudresourcemanager.googleapis.com/v1/projects/honeycombe-dyee7:testIamPermissions 200
[debug] [2022-08-10T18:06:03.931Z] <<< [apiv2][body] POST https://cloudresourcemanager.googleapis.com/v1/projects/honeycombe-dyee7:testIamPermissions {}
[debug] [2022-08-10T18:06:03.932Z] [iam] error while checking permissions, command may fail: FirebaseError: Authorization failed. This account is missing the following required permissions on project honeycombe-dyee7:

  datastore.indexes.create
  datastore.indexes.delete
  datastore.indexes.list
  datastore.indexes.update
  firebase.projects.get
  firebasehosting.sites.update
[debug] [2022-08-10T18:06:03.932Z] >>> [apiv2][query] GET https://firebase.googleapis.com/v1beta1/projects/honeycombe-dyee7 [none]
[debug] [2022-08-10T18:06:04.240Z] <<< [apiv2][status] GET https://firebase.googleapis.com/v1beta1/projects/honeycombe-dyee7 403
[debug] [2022-08-10T18:06:04.240Z] <<< [apiv2][body] GET https://firebase.googleapis.com/v1beta1/projects/honeycombe-dyee7 {"error":{"code":403,"message":"The caller does not have permission","status":"PERMISSION_DENIED"}}
[debug] [2022-08-10T18:06:04.241Z] HTTP Error: 403, The caller does not have permission
[debug] [2022-08-10T18:06:04.307Z] FirebaseError: HTTP Error: 403, The caller does not have permission
    at responseToError (/usr/local/Cellar/firebase-cli/11.5.0/libexec/lib/node_modules/firebase-tools/lib/responseToError.js:49:12)
    at RetryOperation._fn (/usr/local/Cellar/firebase-cli/11.5.0/libexec/lib/node_modules/firebase-tools/lib/apiv2.js:288:77)
    at process.processTicksAndRejections (node:internal/process/task_queues:95:5)
[error] 
[error] Error: Failed to get Firebase project honeycombe-dyee7. Please make sure the project exists and your account has permission to access it.
[debug] [2022-08-10T18:08:37.644Z] ----------------------------------------------------------------------
[debug] [2022-08-10T18:08:37.646Z] Command:       /usr/local/Cellar/node/18.7.0/bin/node /usr/local/bin/firebase deploy
[debug] [2022-08-10T18:08:37.646Z] CLI Version:   11.5.0
[debug] [2022-08-10T18:08:37.647Z] Platform:      darwin
[debug] [2022-08-10T18:08:37.647Z] Node Version:  v18.7.0
[debug] [2022-08-10T18:08:37.647Z] Time:          Wed Aug 10 2022 14:08:37 GMT-0400 (Eastern Daylight Time)
[debug] [2022-08-10T18:08:37.648Z] ----------------------------------------------------------------------
[debug] 
[debug] [2022-08-10T18:08:37.707Z] > command requires scopes: ["email","openid","https://www.googleapis.com/auth/cloudplatformprojects.readonly","https://www.googleapis.com/auth/firebase","https://www.googleapis.com/auth/cloud-platform"]
[debug] [2022-08-10T18:08:37.708Z] > authorizing via signed-in user (debbie_yee@brown.edu)
[debug] [2022-08-10T18:08:37.708Z] [iam] checking project honeycombe-dyee7 for permissions ["datastore.indexes.create","datastore.indexes.delete","datastore.indexes.list","datastore.indexes.update","firebase.projects.get","firebasehosting.sites.update"]
[debug] [2022-08-10T18:08:37.711Z] >>> [apiv2][query] POST https://cloudresourcemanager.googleapis.com/v1/projects/honeycombe-dyee7:testIamPermissions [none]
[debug] [2022-08-10T18:08:37.711Z] >>> [apiv2][(partial)header] POST https://cloudresourcemanager.googleapis.com/v1/projects/honeycombe-dyee7:testIamPermissions x-goog-quota-user=projects/honeycombe-dyee7
[debug] [2022-08-10T18:08:37.711Z] >>> [apiv2][body] POST https://cloudresourcemanager.googleapis.com/v1/projects/honeycombe-dyee7:testIamPermissions {"permissions":["datastore.indexes.create","datastore.indexes.delete","datastore.indexes.list","datastore.indexes.update","firebase.projects.get","firebasehosting.sites.update"]}
[debug] [2022-08-10T18:08:38.043Z] <<< [apiv2][status] POST https://cloudresourcemanager.googleapis.com/v1/projects/honeycombe-dyee7:testIamPermissions 200
[debug] [2022-08-10T18:08:38.044Z] <<< [apiv2][body] POST https://cloudresourcemanager.googleapis.com/v1/projects/honeycombe-dyee7:testIamPermissions {}
[debug] [2022-08-10T18:08:38.044Z] [iam] error while checking permissions, command may fail: FirebaseError: Authorization failed. This account is missing the following required permissions on project honeycombe-dyee7:

  datastore.indexes.create
  datastore.indexes.delete
  datastore.indexes.list
  datastore.indexes.update
  firebase.projects.get
  firebasehosting.sites.update
[debug] [2022-08-10T18:08:38.045Z] >>> [apiv2][query] GET https://firebase.googleapis.com/v1beta1/projects/honeycombe-dyee7 [none]
[debug] [2022-08-10T18:08:38.332Z] <<< [apiv2][status] GET https://firebase.googleapis.com/v1beta1/projects/honeycombe-dyee7 403
[debug] [2022-08-10T18:08:38.332Z] <<< [apiv2][body] GET https://firebase.googleapis.com/v1beta1/projects/honeycombe-dyee7 {"error":{"code":403,"message":"The caller does not have permission","status":"PERMISSION_DENIED"}}
[debug] [2022-08-10T18:08:38.333Z] HTTP Error: 403, The caller does not have permission
[debug] [2022-08-10T18:08:38.393Z] FirebaseError: HTTP Error: 403, The caller does not have permission
    at responseToError (/usr/local/Cellar/firebase-cli/11.5.0/libexec/lib/node_modules/firebase-tools/lib/responseToError.js:49:12)
    at RetryOperation._fn (/usr/local/Cellar/firebase-cli/11.5.0/libexec/lib/node_modules/firebase-tools/lib/apiv2.js:288:77)
    at process.processTicksAndRejections (node:internal/process/task_queues:95:5)
[error] 
[error] Error: Failed to get Firebase project honeycombe-dyee7. Please make sure the project exists and your account has permission to access it.
